<?xml version="1.0" encoding="UTF-8"?>
<!-- Generated by org.testng.reporters.JUnitXMLReporter -->
<testsuite hostname="Zoravar" ignored="0" name="Command line test" tests="6" failures="0" timestamp="2019-01-27T02:32:45 IST" time="21.826" errors="0">
  <testcase name="BrowserAppium" time="0.013" classname="QaClickacadamy.AppiumTest"/>
  <testcase name="ElementAppium" time="0.002" classname="QaClickacadamy.AppiumTest"/>
  <testcase name="BrowserRest" time="0.0" classname="QaClickacadamy.RestAPITest"/>
  <testcase name="ElementRest" time="0.001" classname="QaClickacadamy.RestAPITest"/>
  <testcase name="BrowserSelenium" time="21.739" classname="QaClickacadamy.SeleniumTest"/>
  <testcase name="ElementSelenium" time="0.001" classname="QaClickacadamy.SeleniumTest"/>
</testsuite> <!-- Command line test -->
